<?xml version="1.0" encoding="UTF-8"?>
<testng-results ignored="0" total="1" passed="1" failed="0" skipped="0">
  <reporter-output>
  </reporter-output>
  <suite started-at="2023-05-30T15:11:48 IST" name="Default suite" finished-at="2023-05-30T15:11:48 IST" duration-ms="142">
    <groups>
    </groups>
    <test started-at="2023-05-30T15:11:48 IST" name="Default test" finished-at="2023-05-30T15:11:48 IST" duration-ms="142">
      <class name="javascriptPractice.MultipleMethods">
        <test-method is-config="true" signature="befMethod()[pri:0, instance:javascriptPractice.MultipleMethods@291ae]" started-at="2023-05-30T15:11:48 IST" name="befMethod" finished-at="2023-05-30T15:11:48 IST" duration-ms="14" status="PASS">
          <reporter-output>
          </reporter-output>
        </test-method> <!-- befMethod -->
        <test-method signature="testMethod()[pri:0, instance:javascriptPractice.MultipleMethods@291ae]" started-at="2023-05-30T15:11:48 IST" name="testMethod" finished-at="2023-05-30T15:11:48 IST" duration-ms="28" status="PASS">
          <reporter-output>
          </reporter-output>
        </test-method> <!-- testMethod -->
        <test-method is-config="true" signature="atClass()[pri:0, instance:javascriptPractice.MultipleMethods@291ae]" started-at="2023-05-30T15:11:48 IST" name="atClass" finished-at="2023-05-30T15:11:48 IST" duration-ms="1" status="PASS">
          <reporter-output>
          </reporter-output>
        </test-method> <!-- atClass -->
      </class> <!-- javascriptPractice.MultipleMethods -->
    </test> <!-- Default test -->
  </suite> <!-- Default suite -->
</testng-results>
