<?xml version="1.0" encoding="UTF-8"?>
<!-- Generated by org.testng.reporters.JUnitXMLReporter -->
<testsuite ignored="2" hostname="DESKTOP-03O7N3O" failures="1" tests="2" name="Edge Browser" time="54.209" errors="0" timestamp="2023-05-30T12:09:00 IST">
  <testcase classname="com.hrm.HrHead.ModifyCorporateAddedByOneHrHeadAsOtherHrHead" name="ModifyCorporateAddedByOneHrHeadAsOtherHrHeadTest" time="10.608">
    <failure type="org.openqa.selenium.ElementClickInterceptedException" message="element click intercepted: Element &amp;lt;button type=&amp;quot;button&amp;quot; class=&amp;quot;btn btn-primary btn-sm&amp;quot; data-toggle=&amp;quot;modal&amp;quot; data-target=&amp;quot;#modal-edit348&amp;quot;&amp;gt;...&amp;lt;/button&amp;gt; is not clickable at point (980, 555). Other element would receive the click: &amp;lt;footer class=&amp;quot;main-footer&amp;quot;&amp;gt;...&amp;lt;/footer&amp;gt;
  (Session info: MicrosoftEdge=113.0.1774.57)
Build info: version: &amp;apos;4.9.1&amp;apos;, revision: &amp;apos;eb2032df7f&amp;apos;
System info: os.name: &amp;apos;Windows 10&amp;apos;, os.arch: &amp;apos;amd64&amp;apos;, os.version: &amp;apos;10.0&amp;apos;, java.version: &amp;apos;18.0.2&amp;apos;
Driver info: org.openqa.selenium.edge.EdgeDriver
Command: [73dffed7d42707936be35e4f1d999cf8, clickElement {id=47485D7097AE949AD09334D88DE63A3C_element_199}]
Capabilities {acceptInsecureCerts: false, browserName: msedge, browserVersion: 113.0.1774.57, ms:edgeOptions: {debuggerAddress: localhost:60180}, msedge: {msedgedriverVersion: 113.0.1774.57 (b3b212deff59..., userDataDir: C:\Users\Admin\AppData\Loca...}, networkConnectionEnabled: false, pageLoadStrategy: normal, platformName: windows, proxy: Proxy(), se:cdp: ws://localhost:60180/devtoo..., se:cdpVersion: 113.0.1774.57, setWindowRect: true, strictFileInteractability: false, timeouts: {implicit: 0, pageLoad: 300000, script: 30000}, unhandledPromptBehavior: dismiss and notify, webauthn:extension:credBlob: true, webauthn:extension:largeBlob: true, webauthn:extension:minPinLength: true, webauthn:extension:prf: true, webauthn:virtualAuthenticators: true}
Element: [[EdgeDriver: msedge on windows (73dffed7d42707936be35e4f1d999cf8)] -&amp;gt; xpath: //table[@id=&amp;apos;example1&amp;apos;]/tbody/tr/td[.=&amp;apos;Quality&amp;apos;]/following-sibling::td/button[.=&amp;apos;Edit&amp;apos;]]
Session ID: 73dffed7d42707936be35e4f1d999cf8">
      <![CDATA[org.openqa.selenium.ElementClickInterceptedException: element click intercepted: Element <button type="button" class="btn btn-primary btn-sm" data-toggle="modal" data-target="#modal-edit348">...</button> is not clickable at point (980, 555). Other element would receive the click: <footer class="main-footer">...</footer>
  (Session info: MicrosoftEdge=113.0.1774.57)
Build info: version: '4.9.1', revision: 'eb2032df7f'
System info: os.name: 'Windows 10', os.arch: 'amd64', os.version: '10.0', java.version: '18.0.2'
Driver info: org.openqa.selenium.edge.EdgeDriver
Command: [73dffed7d42707936be35e4f1d999cf8, clickElement {id=47485D7097AE949AD09334D88DE63A3C_element_199}]
Capabilities {acceptInsecureCerts: false, browserName: msedge, browserVersion: 113.0.1774.57, ms:edgeOptions: {debuggerAddress: localhost:60180}, msedge: {msedgedriverVersion: 113.0.1774.57 (b3b212deff59..., userDataDir: C:\Users\Admin\AppData\Loca...}, networkConnectionEnabled: false, pageLoadStrategy: normal, platformName: windows, proxy: Proxy(), se:cdp: ws://localhost:60180/devtoo..., se:cdpVersion: 113.0.1774.57, setWindowRect: true, strictFileInteractability: false, timeouts: {implicit: 0, pageLoad: 300000, script: 30000}, unhandledPromptBehavior: dismiss and notify, webauthn:extension:credBlob: true, webauthn:extension:largeBlob: true, webauthn:extension:minPinLength: true, webauthn:extension:prf: true, webauthn:virtualAuthenticators: true}
Element: [[EdgeDriver: msedge on windows (73dffed7d42707936be35e4f1d999cf8)] -> xpath: //table[@id='example1']/tbody/tr/td[.='Quality']/following-sibling::td/button[.='Edit']]
Session ID: 73dffed7d42707936be35e4f1d999cf8
at org.openqa.selenium.remote.codec.w3c.W3CHttpResponseCodec.createException(W3CHttpResponseCodec.java:200)
at org.openqa.selenium.remote.codec.w3c.W3CHttpResponseCodec.decode(W3CHttpResponseCodec.java:133)
at org.openqa.selenium.remote.codec.w3c.W3CHttpResponseCodec.decode(W3CHttpResponseCodec.java:53)
at org.openqa.selenium.remote.HttpCommandExecutor.execute(HttpCommandExecutor.java:193)
at org.openqa.selenium.remote.service.DriverCommandExecutor.invokeExecute(DriverCommandExecutor.java:183)
at org.openqa.selenium.remote.service.DriverCommandExecutor.execute(DriverCommandExecutor.java:158)
at org.openqa.selenium.remote.RemoteWebDriver.execute(RemoteWebDriver.java:543)
at org.openqa.selenium.remote.RemoteWebElement.execute(RemoteWebElement.java:257)
at org.openqa.selenium.remote.RemoteWebElement.click(RemoteWebElement.java:78)
at com.hrm.hrmProjectObjectRepository.CorporateDashboardPage.modifyCorporate(CorporateDashboardPage.java:103)
at com.hrm.HrHead.ModifyCorporateAddedByOneHrHeadAsOtherHrHead.ModifyCorporateAddedByOneHrHeadAsOtherHrHeadTest(ModifyCorporateAddedByOneHrHeadAsOtherHrHead.java:40)
at java.base/java.util.concurrent.ThreadPoolExecutor.runWorker(ThreadPoolExecutor.java:1136)
at java.base/java.util.concurrent.ThreadPoolExecutor$Worker.run(ThreadPoolExecutor.java:635)
at java.base/java.lang.Thread.run(Thread.java:833)
... Removed 13 stack frames]]>
    </failure>
  </testcase> <!-- ModifyCorporateAddedByOneHrHeadAsOtherHrHeadTest -->
  <testcase classname="com.hrm.HrHead.ModifyEmployeeAddedByOneHrHeadAsOtherHrHead" name="ModifyEmployeeAddedByOneHrHeadAsOtherHrHeadTest" time="34.243"/>
  <testcase classname="HRM_Project.GenericUtilities.BaseClass" name="@BeforeSuite config_BS" time="0.0">
    <ignored/>
  </testcase> <!-- @BeforeSuite config_BS -->
  <testcase classname="HRM_Project.GenericUtilities.BaseClass" name="@AfterSuite config_AS" time="0.0">
    <ignored/>
  </testcase> <!-- @AfterSuite config_AS -->
</testsuite> <!-- Edge Browser -->
