<?xml version="1.0" encoding="UTF-8"?>
<!-- Generated by org.testng.reporters.JUnitXMLReporter -->
<testsuite ignored="17" hostname="DESKTOP-03O7N3O" failures="1" tests="4" name="Group Execution" time="45.434" errors="0" timestamp="2023-05-30T12:24:41 IST">
  <testcase classname="com.hrm.HrHead.CreateHrHead" name="createHrheadTest" time="4.457">
    <skipped/>
  </testcase> <!-- createHrheadTest -->
  <testcase classname="com.hrm.HrHead.CreateHrHead" name="createHrheadTest" time="3.011">
    <skipped/>
  </testcase> <!-- createHrheadTest -->
  <testcase classname="com.hrm.HrHead.CreateHrHead" name="createHrheadTest" time="3.114">
    <failure type="java.lang.AssertionError" message="null">
      <![CDATA[java.lang.AssertionError: null
at com.hrm.HrHead.CreateHrHead.createHrheadTest(CreateHrHead.java:36)
at java.base/java.util.concurrent.ThreadPoolExecutor.runWorker(ThreadPoolExecutor.java:1136)
at java.base/java.util.concurrent.ThreadPoolExecutor$Worker.run(ThreadPoolExecutor.java:635)
at java.base/java.lang.Thread.run(Thread.java:833)
... Removed 12 stack frames]]>
    </failure>
  </testcase> <!-- createHrheadTest -->
  <testcase classname="com.hrm.HrHead.DownloadEmployeeDataOfAnEmployeeAddedByOneHrHeadAsOtherHrHead" name="DownloadEmployeeDataOfAnEmployeeAddedByOneHrHeadAsOtherHrHeadTest" time="33.121"/>
  <testcase classname="HRM_Project.GenericUtilities.BaseClass" name="@BeforeSuite config_BS" time="0.0">
    <ignored/>
  </testcase> <!-- @BeforeSuite config_BS -->
  <testcase classname="HRM_Project.GenericUtilities.BaseClass" name="@BeforeSuite config_BS" time="0.0">
    <ignored/>
  </testcase> <!-- @BeforeSuite config_BS -->
  <testcase classname="HRM_Project.GenericUtilities.BaseClass" name="@BeforeSuite config_BS" time="0.0">
    <ignored/>
  </testcase> <!-- @BeforeSuite config_BS -->
  <testcase classname="HRM_Project.GenericUtilities.BaseClass" name="@BeforeSuite config_BS" time="0.0">
    <ignored/>
  </testcase> <!-- @BeforeSuite config_BS -->
  <testcase classname="HRM_Project.GenericUtilities.BaseClass" name="@BeforeSuite config_BS" time="0.0">
    <ignored/>
  </testcase> <!-- @BeforeSuite config_BS -->
  <testcase classname="HRM_Project.GenericUtilities.BaseClass" name="@BeforeSuite config_BS" time="0.0">
    <ignored/>
  </testcase> <!-- @BeforeSuite config_BS -->
  <testcase classname="com.hrm.HrHead.ModifyEmployeeAddedByOneHrHeadAsOtherHrHead" name="ModifyEmployeeAddedByOneHrHeadAsOtherHrHeadTest" time="0.0">
    <ignored/>
  </testcase> <!-- ModifyEmployeeAddedByOneHrHeadAsOtherHrHeadTest -->
  <testcase classname="com.hrm.HrHead.DeleteAdminAddedByOneHrHeadAsOtherHrHead" name="DeleteAdminAddedByOneHrHeadAsOtherHrHeadTest" time="0.0">
    <ignored/>
  </testcase> <!-- DeleteAdminAddedByOneHrHeadAsOtherHrHeadTest -->
  <testcase classname="HRM_Project.GenericUtilities.BaseClass" name="@AfterSuite config_AS" time="0.0">
    <ignored/>
  </testcase> <!-- @AfterSuite config_AS -->
  <testcase classname="HRM_Project.GenericUtilities.BaseClass" name="@AfterSuite config_AS" time="0.0">
    <ignored/>
  </testcase> <!-- @AfterSuite config_AS -->
  <testcase classname="HRM_Project.GenericUtilities.BaseClass" name="@AfterSuite config_AS" time="0.0">
    <ignored/>
  </testcase> <!-- @AfterSuite config_AS -->
  <testcase classname="HRM_Project.GenericUtilities.BaseClass" name="@AfterSuite config_AS" time="0.0">
    <ignored/>
  </testcase> <!-- @AfterSuite config_AS -->
  <testcase classname="HRM_Project.GenericUtilities.BaseClass" name="@AfterSuite config_AS" time="0.0">
    <ignored/>
  </testcase> <!-- @AfterSuite config_AS -->
  <testcase classname="HRM_Project.GenericUtilities.BaseClass" name="@AfterSuite config_AS" time="0.0">
    <ignored/>
  </testcase> <!-- @AfterSuite config_AS -->
  <testcase classname="com.hrm.HrHead.ModifyCorporateAddedByOneHrHeadAsOtherHrHead" name="ModifyCorporateAddedByOneHrHeadAsOtherHrHeadTest" time="0.0">
    <ignored/>
  </testcase> <!-- ModifyCorporateAddedByOneHrHeadAsOtherHrHeadTest -->
  <testcase classname="com.hrm.HrHead.ModifyAdminAddedByOneHrHeadAsOtherHrHead" name="ModifyAdminAddedByOneHrHeadAsOtherHrHeadTest" time="0.0">
    <ignored/>
  </testcase> <!-- ModifyAdminAddedByOneHrHeadAsOtherHrHeadTest -->
  <testcase classname="com.hrm.HrHead.DeleteCorporateAddedByOneHrHeadAsOtherHrHead" name="DeleteCorporateAddedByOneHrHeadAsOtherHrHeadTest" time="0.0">
    <ignored/>
  </testcase> <!-- DeleteCorporateAddedByOneHrHeadAsOtherHrHeadTest -->
</testsuite> <!-- Group Execution -->
