<?xml version="1.0" encoding="UTF-8"?>
<!-- Generated by org.testng.reporters.JUnitXMLReporter -->
<testsuite ignored="2" hostname="DESKTOP-03O7N3O" failures="0" tests="2" name="microsoftEdge" time="34.138" errors="0" timestamp="2023-05-29T12:33:16 IST">
  <testcase classname="com.hrm.HrHead.DeleteCorporateAddedByOneHrHeadAsOtherHrHead" name="DeleteCorporateAddedByOneHrHeadAsOtherHrHeadTest" time="6.381"/>
  <testcase classname="com.hrm.HrHead.CreateHrHead" name="createHrheadTest" time="19.383"/>
  <testcase classname="HRM_Project.GenericUtilities.BaseClass" name="@BeforeSuite config_BS" time="0.0">
    <ignored/>
  </testcase> <!-- @BeforeSuite config_BS -->
  <testcase classname="HRM_Project.GenericUtilities.BaseClass" name="@AfterSuite config_AS" time="0.0">
    <ignored/>
  </testcase> <!-- @AfterSuite config_AS -->
</testsuite> <!-- microsoftEdge -->
